Arguments: 
  /usr/local/bin/node /usr/local/bin/yarn add vue-router

PATH: 
  /Library/Frameworks/Python.framework/Versions/3.8/bin:/Library/Frameworks/Python.framework/Versions/3.7/bin:/usr/local/bin:/usr/bin:/bin:/usr/sbin:/sbin:/Library/Frameworks/Python.framework/Versions/3.8/bin:/Library/Frameworks/Python.framework/Versions/3.7/bin

Yarn version: 
  1.22.4

Node version: 
  14.4.0

Platform: 
  darwin x64

Trace: 
  Error: ENOENT: no such file or directory, copyfile '/Users/user/Library/Caches/Yarn/v6/npm-color-convert-1.9.3-bb71850690e1f136567de629d2d5471deda4c1e8-integrity/node_modules/color-convert/LICENSE' -> '/Users/user/Desktop/mm/vueSource/Demos/viteDemos/node_modules/chalk/node_modules/color-convert/LICENSE'

npm manifest: 
  {
    "name": "viteDemos",
    "version": "0.0.0",
    "scripts": {
      "dev": "vite",
      "build": "vite build"
    },
    "dependencies": {
      "vue": "^3.0.0-rc.1"
    },
    "devDependencies": {
      "vite": "^1.0.0-rc.1",
      "@vue/compiler-sfc": "^3.0.0-rc.1"
    }
  }

yarn manifest: 
  No manifest

Lockfile: 
  No lockfile
